<?xml version="1.0" encoding="UTF-8"?>
<testsuite name="edu.duke.ece651.team2.attendancemanager.TextUserViewTest" tests="4" skipped="0" failures="0" errors="0" timestamp="2024-03-27T19:47:26" hostname="Louises-MBP.wired.duke.local" time="0.004">
  <properties/>
  <testcase name="testPrintCourse()" classname="edu.duke.ece651.team2.attendancemanager.TextUserViewTest" time="0.002"/>
  <testcase name="testPrintStudentStatuses()" classname="edu.duke.ece651.team2.attendancemanager.TextUserViewTest" time="0.001"/>
  <testcase name="testPrintLectures()" classname="edu.duke.ece651.team2.attendancemanager.TextUserViewTest" time="0.0"/>
  <testcase name="testPrintStudents()" classname="edu.duke.ece651.team2.attendancemanager.TextUserViewTest" time="0.0"/>
  <system-out><![CDATA[]]></system-out>
  <system-err><![CDATA[]]></system-err>
</testsuite>
