<?xml version="1.0" encoding="UTF-8"?>
<testsuite name="edu.duke.ece651.team2.attendancemanager.CourseTest" tests="4" skipped="0" failures="0" errors="0" timestamp="2024-03-27T19:47:26" hostname="Louises-MBP.wired.duke.local" time="0.01">
  <properties/>
  <testcase name="testaddStudents()" classname="edu.duke.ece651.team2.attendancemanager.CourseTest" time="0.001"/>
  <testcase name="testConstructors()" classname="edu.duke.ece651.team2.attendancemanager.CourseTest" time="0.001"/>
  <testcase name="testEndLecture()" classname="edu.duke.ece651.team2.attendancemanager.CourseTest" time="0.008"/>
  <testcase name="testStartLecture()" classname="edu.duke.ece651.team2.attendancemanager.CourseTest" time="0.0"/>
  <system-out><![CDATA[./app/export/CS 123 3_1.csv (No such file or directory)
Succesfully create and write csv
./app/export/CS 123 3_2.csv (No such file or directory)
Succesfully create and write csv
]]></system-out>
  <system-err><![CDATA[]]></system-err>
</testsuite>
