<?xml version="1.0" encoding="UTF-8"?>
<testsuite name="edu.duke.ece651.team2.attendancemanager.AppTest" tests="1" skipped="0" failures="0" errors="0" timestamp="2024-03-27T19:47:26" hostname="Louises-MBP.wired.duke.local" time="0.012">
  <properties/>
  <testcase name="appHasAGreeting()" classname="edu.duke.ece651.team2.attendancemanager.AppTest" time="0.012"/>
  <system-out><![CDATA[]]></system-out>
  <system-err><![CDATA[]]></system-err>
</testsuite>
