<?xml version="1.0" encoding="UTF-8"?>
<testsuite name="edu.duke.ece651.team2.attendancemanager.ProfessorTest" tests="4" skipped="0" failures="0" errors="0" timestamp="2024-03-27T19:47:26" hostname="Louises-MBP.wired.duke.local" time="0.002">
  <properties/>
  <testcase name="testGetEmail()" classname="edu.duke.ece651.team2.attendancemanager.ProfessorTest" time="0.0"/>
  <testcase name="testGetProfessorID()" classname="edu.duke.ece651.team2.attendancemanager.ProfessorTest" time="0.001"/>
  <testcase name="testGetName()" classname="edu.duke.ece651.team2.attendancemanager.ProfessorTest" time="0.0"/>
  <testcase name="testCourses()" classname="edu.duke.ece651.team2.attendancemanager.ProfessorTest" time="0.001"/>
  <system-out><![CDATA[]]></system-out>
  <system-err><![CDATA[]]></system-err>
</testsuite>
