<?xml version="1.0" encoding="UTF-8"?>
<testsuite name="edu.duke.ece651.team2.attendancemanager.StudentTest" tests="1" skipped="0" failures="0" errors="0" timestamp="2024-03-24T00:38:56" hostname="vcm-37914.vm.duke.edu" time="0.001">
  <properties/>
  <testcase name="test_setter_getter()" classname="edu.duke.ece651.team2.attendancemanager.StudentTest" time="0.001"/>
  <system-out><![CDATA[]]></system-out>
  <system-err><![CDATA[]]></system-err>
</testsuite>
