<?xml version="1.0" encoding="UTF-8"?>
<testsuite name="edu.duke.ece651.team2.attendancemanager.AppTest" tests="1" skipped="0" failures="0" errors="0" timestamp="2024-03-24T00:38:56" hostname="vcm-37914.vm.duke.edu" time="0.025">
  <properties/>
  <testcase name="appHasAGreeting()" classname="edu.duke.ece651.team2.attendancemanager.AppTest" time="0.025"/>
  <system-out><![CDATA[]]></system-out>
  <system-err><![CDATA[]]></system-err>
</testsuite>
