<?xml version="1.0" encoding="UTF-8"?>
<testsuite name="edu.duke.ece651.team2.shared.ProfessorTest" tests="4" skipped="0" failures="0" errors="0" timestamp="2024-04-03T02:21:03" hostname="vcm-37925.vm.duke.edu" time="0.006">
  <properties/>
  <testcase name="testGetEmail()" classname="edu.duke.ece651.team2.shared.ProfessorTest" time="0.001"/>
  <testcase name="testGetProfessorID()" classname="edu.duke.ece651.team2.shared.ProfessorTest" time="0.002"/>
  <testcase name="testGetName()" classname="edu.duke.ece651.team2.shared.ProfessorTest" time="0.002"/>
  <testcase name="testCourses()" classname="edu.duke.ece651.team2.shared.ProfessorTest" time="0.001"/>
  <system-out><![CDATA[]]></system-out>
  <system-err><![CDATA[]]></system-err>
</testsuite>
