<?xml version="1.0" encoding="UTF-8"?>
<testsuite name="edu.duke.ece651.team2.shared.CourseTest" tests="5" skipped="0" failures="0" errors="0" timestamp="2024-04-03T22:27:37" hostname="vcm-37925.vm.duke.edu" time="0.027">
  <properties/>
  <testcase name="testaddStudents()" classname="edu.duke.ece651.team2.shared.CourseTest" time="0.003"/>
  <testcase name="testConstructors()" classname="edu.duke.ece651.team2.shared.CourseTest" time="0.001"/>
  <testcase name="testEndLecture2()" classname="edu.duke.ece651.team2.shared.CourseTest" time="0.011"/>
  <testcase name="testEndLecture()" classname="edu.duke.ece651.team2.shared.CourseTest" time="0.006"/>
  <testcase name="testStartLecture()" classname="edu.duke.ece651.team2.shared.CourseTest" time="0.002"/>
  <system-out><![CDATA[Successfully create and write csv
Succesfully create and write csv
Successfully create and write csv
Successfully create and write csv
Succesfully create and write csv
Successfully create and write csv
Succesfully create and write csv
]]></system-out>
  <system-err><![CDATA[]]></system-err>
</testsuite>
