<?xml version="1.0" encoding="UTF-8"?>
<testsuite name="edu.duke.ece651.team2.shared.StudentTest" tests="1" skipped="0" failures="0" errors="0" timestamp="2024-04-03T02:21:03" hostname="vcm-37925.vm.duke.edu" time="0.001">
  <properties/>
  <testcase name="test_setter_getter()" classname="edu.duke.ece651.team2.shared.StudentTest" time="0.001"/>
  <system-out><![CDATA[]]></system-out>
  <system-err><![CDATA[]]></system-err>
</testsuite>
