<?xml version="1.0" encoding="UTF-8"?>
<testsuite name="edu.duke.ece651.team2.shared.LectureTest" tests="2" skipped="0" failures="0" errors="0" timestamp="2024-04-03T16:19:26" hostname="vcm-37925.vm.duke.edu" time="0.002">
  <properties/>
  <testcase name="testAttendanceRecord()" classname="edu.duke.ece651.team2.shared.LectureTest" time="0.001"/>
  <testcase name="test_LectureGetterSetter()" classname="edu.duke.ece651.team2.shared.LectureTest" time="0.001"/>
  <system-out><![CDATA[]]></system-out>
  <system-err><![CDATA[]]></system-err>
</testsuite>
